<?xml version="1.0" encoding="UTF-8"?>
<testsuite xmlns:xsi="http://www.w3.org/2001/XMLSchema-instance" xsi:noNamespaceSchemaLocation="https://maven.apache.org/surefire/maven-surefire-plugin/xsd/surefire-test-report.xsd" name="com.mycompany.app.TwoSumTest" time="0.037" tests="9" errors="9" skipped="0" failures="0">
  <properties>
[...]
</properties>
  <testcase name="twoSumTestWithNoValidInput" classname="com.mycompany.app.TwoSumTest" time="0.005">
    <error message="Cannot invoke &quot;com.mycompany.app.TwoSum.twoSum(int[], int)&quot; because &quot;this.twoSum&quot; is null" type="java.lang.NullPointerException">java.lang.NullPointerException: Cannot invoke "com.mycompany.app.TwoSum.twoSum(int[], int)" because "this.twoSum" is null
	at com.mycompany.app.TwoSumTest.twoSumTestWithNoValidInput(TwoSumTest.java:25)
</error>
  </testcase>
  <testcase name="twoSumTestEmptyArray" classname="com.mycompany.app.TwoSumTest" time="0">
    <error message="Cannot invoke &quot;com.mycompany.app.TwoSum.twoSum(int[], int)&quot; because &quot;this.twoSum&quot; is null" type="java.lang.NullPointerException">java.lang.NullPointerException: Cannot invoke "com.mycompany.app.TwoSum.twoSum(int[], int)" because "this.twoSum" is null
	at com.mycompany.app.TwoSumTest.twoSumTestEmptyArray(TwoSumTest.java:52)
</error>
  </testcase>
  <testcase name="twoSumTestWithValidInput" classname="com.mycompany.app.TwoSumTest" time="0.001">
    <error message="Cannot invoke &quot;com.mycompany.app.TwoSum.twoSum(int[], int)&quot; because &quot;this.twoSum&quot; is null" type="java.lang.NullPointerException">java.lang.NullPointerException: Cannot invoke "com.mycompany.app.TwoSum.twoSum(int[], int)" because "this.twoSum" is null
	at com.mycompany.app.TwoSumTest.twoSumTestWithValidInput(TwoSumTest.java:16)
</error>
  </testcase>
  <testcase name="twoSumTestHashMapEmptyArray" classname="com.mycompany.app.TwoSumTest" time="0">
    <error message="Cannot invoke &quot;com.mycompany.app.TwoSum.twoSumHashMap(int[], int)&quot; because &quot;this.twoSum&quot; is null" type="java.lang.NullPointerException">java.lang.NullPointerException: Cannot invoke "com.mycompany.app.TwoSum.twoSumHashMap(int[], int)" because "this.twoSum" is null
	at com.mycompany.app.TwoSumTest.twoSumTestHashMapEmptyArray(TwoSumTest.java:61)
</error>
  </testcase>
  <testcase name="twoSumTestZero" classname="com.mycompany.app.TwoSumTest" time="0.002">
    <error message="Cannot invoke &quot;com.mycompany.app.TwoSum.twoSum(int[], int)&quot; because &quot;this.twoSum&quot; is null" type="java.lang.NullPointerException">java.lang.NullPointerException: Cannot invoke "com.mycompany.app.TwoSum.twoSum(int[], int)" because "this.twoSum" is null
	at com.mycompany.app.TwoSumTest.twoSumTestZero(TwoSumTest.java:96)
</error>
  </testcase>
  <testcase name="twoSumTestHashMapWithValidInput" classname="com.mycompany.app.TwoSumTest" time="0">
    <error message="Cannot invoke &quot;com.mycompany.app.TwoSum.twoSumHashMap(int[], int)&quot; because &quot;this.twoSum&quot; is null" type="java.lang.NullPointerException">java.lang.NullPointerException: Cannot invoke "com.mycompany.app.TwoSum.twoSumHashMap(int[], int)" because "this.twoSum" is null
	at com.mycompany.app.TwoSumTest.twoSumTestHashMapWithValidInput(TwoSumTest.java:34)
</error>
  </testcase>
  <testcase name="twoSumTestDuplicateNums" classname="com.mycompany.app.TwoSumTest" time="0">
    <error message="Cannot invoke &quot;com.mycompany.app.TwoSum.twoSum(int[], int)&quot; because &quot;this.twoSum&quot; is null" type="java.lang.NullPointerException">java.lang.NullPointerException: Cannot invoke "com.mycompany.app.TwoSum.twoSum(int[], int)" because "this.twoSum" is null
	at com.mycompany.app.TwoSumTest.twoSumTestDuplicateNums(TwoSumTest.java:71)
</error>
  </testcase>
  <testcase name="twoSumTestHashMapWithNoValidInput" classname="com.mycompany.app.TwoSumTest" time="0.001">
    <error message="Cannot invoke &quot;com.mycompany.app.TwoSum.twoSumHashMap(int[], int)&quot; because &quot;this.twoSum&quot; is null" type="java.lang.NullPointerException">java.lang.NullPointerException: Cannot invoke "com.mycompany.app.TwoSum.twoSumHashMap(int[], int)" because "this.twoSum" is null
	at com.mycompany.app.TwoSumTest.twoSumTestHashMapWithNoValidInput(TwoSumTest.java:43)
</error>
  </testcase>
  <testcase name="twoSumTestHashMapDuplicateNums" classname="com.mycompany.app.TwoSumTest" time="0">
    <error message="Cannot invoke &quot;com.mycompany.app.TwoSum.twoSumHashMap(int[], int)&quot; because &quot;this.twoSum&quot; is null" type="java.lang.NullPointerException">java.lang.NullPointerException: Cannot invoke "com.mycompany.app.TwoSum.twoSumHashMap(int[], int)" because "this.twoSum" is null
	at com.mycompany.app.TwoSumTest.twoSumTestHashMapDuplicateNums(TwoSumTest.java:80)
</error>
  </testcase>
</testsuite>